<?xml version="1.0" encoding="UTF-8"?>
<!-- Generated by org.testng.reporters.JUnitReportReporter -->
<testsuite hostname="THAVE02-E7450" name="com.automation.framework.TestTestNG" tests="2" failures="0" timestamp="26 Dec 2015 15:51:05 GMT" time="0.001" errors="0">
  <testcase name="t2" time="0.000" classname="com.automation.framework.TestTestNG"/>
  <testcase name="t1" time="0.001" classname="com.automation.framework.TestTestNG"/>
</testsuite> <!-- com.automation.framework.TestTestNG -->
